"C:/Users/S177026/Documents/Alpaca studios/AR_Project/Content/Door_M.uasset" 0
"C:/Users/S177026/Documents/Alpaca studios/AR_Project/Content/MultistoryDungeonsTextures/Textures/Atlas_Base_01.uasset" 1
"C:/Users/S177026/Documents/Alpaca studios/AR_Project/Content/MultistoryDungeonsTextures/Textures/Atlas_Base_01_Normal.uasset" 2
"C:/Users/S177026/Documents/Alpaca studios/AR_Project/Content/MultistoryDungeonsTextures/Textures/Atlas_Base_01_Roughness.uasset" 3
"C:/Users/S177026/Documents/Alpaca studios/AR_Project/Content/MultistoryDungeonsTextures/Materials/Base_01.uasset" 4
"C:/Users/S177026/Documents/Alpaca studios/AR_Project/Content/MultistoryDungeonsTextures/Materials/Base_01_Inst.uasset" 5
"C:/Users/S177026/Documents/Alpaca studios/AR_Project/Content/MultistoryDungeonsTextures/Textures/Atlas_Furniture_01.uasset" 6
"C:/Users/S177026/Documents/Alpaca studios/AR_Project/Content/MultistoryDungeonsTextures/Textures/Atlas_Furniture_01_Normal.uasset" 7
"C:/Users/S177026/Documents/Alpaca studios/AR_Project/Content/MultistoryDungeonsTextures/Textures/Atlas_Furniture_01_Roughness.uasset" 8
"C:/Users/S177026/Documents/Alpaca studios/AR_Project/Content/MultistoryDungeonsTextures/Materials/Furniture_01.uasset" 9
"C:/Users/S177026/Documents/Alpaca studios/AR_Project/Content/MultistoryDungeonsTextures/Materials/Furniture_01_Inst.uasset" 10
"C:/Users/S177026/Documents/Alpaca studios/AR_Project/Content/MultistoryDungeonsTextures/Textures/Atlas_Props_01.uasset" 11
"C:/Users/S177026/Documents/Alpaca studios/AR_Project/Content/MultistoryDungeonsTextures/Textures/Atlas_Props_01_Metallic.uasset" 12
"C:/Users/S177026/Documents/Alpaca studios/AR_Project/Content/MultistoryDungeonsTextures/Textures/Atlas_Props_01_Normal.uasset" 13
"C:/Users/S177026/Documents/Alpaca studios/AR_Project/Content/MultistoryDungeonsTextures/Textures/Atlas_Props_01_Roughness.uasset" 14
"C:/Users/S177026/Documents/Alpaca studios/AR_Project/Content/MultistoryDungeonsTextures/Materials/Props_01.uasset" 15
"C:/Users/S177026/Documents/Alpaca studios/AR_Project/Content/MultistoryDungeonsTextures/Materials/Props_01_Inst.uasset" 16
"C:/Users/S177026/Documents/Alpaca studios/AR_Project/Content/MultistoryDungeonsTextures/Textures/Atlas_Props_02.uasset" 17
"C:/Users/S177026/Documents/Alpaca studios/AR_Project/Content/MultistoryDungeonsTextures/Textures/Atlas_Props_02_Metallic.uasset" 18
"C:/Users/S177026/Documents/Alpaca studios/AR_Project/Content/MultistoryDungeonsTextures/Textures/Atlas_Props_02_Normal.uasset" 19
"C:/Users/S177026/Documents/Alpaca studios/AR_Project/Content/MultistoryDungeonsTextures/Textures/Atlas_Props_02_Roughness.uasset" 20
"C:/Users/S177026/Documents/Alpaca studios/AR_Project/Content/MultistoryDungeonsTextures/Materials/Props_02.uasset" 21
"C:/Users/S177026/Documents/Alpaca studios/AR_Project/Content/MultistoryDungeonsTextures/Materials/Props_02_Inst.uasset" 22
"../../../Engine/Content/Functions/Engine_MaterialFunctions02/Fresnel_Function.uasset" 23
"C:/Users/S177026/Documents/Alpaca studios/AR_Project/Content/MultistoryDungeonsTextures/Textures/Atlas_Props_02_Opacity.uasset" 24
"C:/Users/S177026/Documents/Alpaca studios/AR_Project/Content/MultistoryDungeonsTextures/Materials/Props_Glass.uasset" 25
"C:/Users/S177026/Documents/Alpaca studios/AR_Project/Content/MultistoryDungeonsTextures/Materials/Props_Glass_Doublesided_Inst.uasset" 26
"C:/Users/S177026/Documents/Alpaca studios/AR_Project/Content/MultistoryDungeonsTextures/Materials/Props_Glass_Inst_01.uasset" 27
"C:/Users/S177026/Documents/Alpaca studios/AR_Project/Content/3D-Models/Models/TestPack/LargeRoom_Library.uasset" 28
"C:/Users/S177026/Documents/Alpaca studios/AR_Project/Content/ParticleEffects/Sprites/Fire.uasset" 29
"C:/Users/S177026/Documents/Alpaca studios/AR_Project/Content/ParticleEffects/Materials/Fire.uasset" 30
"C:/Users/S177026/Documents/Alpaca studios/AR_Project/Content/ParticleEffects/Emitters/Fire.uasset" 31
"C:/Users/S177026/Documents/Alpaca studios/AR_Project/Content/Blueprints/Rooms/TestPack/LargeRoom_Library.uasset" 32
"C:/Users/S177026/Documents/Alpaca studios/AR_Project/Content/3D-Models/Materials/TestPacks/Atlas_Base_01.uasset" 33
"C:/Users/S177026/Documents/Alpaca studios/AR_Project/Content/3D-Models/Materials/TestPacks/Atlas_Base_01_Normal.uasset" 34
"C:/Users/S177026/Documents/Alpaca studios/AR_Project/Content/3D-Models/Materials/TestPacks/Base_01_Inst.uasset" 35
"C:/Users/S177026/Documents/Alpaca studios/AR_Project/Content/3D-Models/Materials/TestPacks/Base_05.uasset" 36
"C:/Users/S177026/Documents/Alpaca studios/AR_Project/Content/3D-Models/Materials/TestPacks/Door_01.uasset" 37
"C:/Users/S177026/Documents/Alpaca studios/AR_Project/Content/3D-Models/Materials/TestPacks/Door_02_Normal.uasset" 38
"C:/Users/S177026/Documents/Alpaca studios/AR_Project/Content/3D-Models/Materials/TestPacks/Door_01_Inst.uasset" 39
"C:/Users/S177026/Documents/Alpaca studios/AR_Project/Content/3D-Models/Materials/TestPacks/Atlas_Furniture_01.uasset" 40
"C:/Users/S177026/Documents/Alpaca studios/AR_Project/Content/3D-Models/Materials/TestPacks/Atlas_Furniture_01_Normal.uasset" 41
"C:/Users/S177026/Documents/Alpaca studios/AR_Project/Content/3D-Models/Materials/TestPacks/Furniture_01_Inst.uasset" 42
"C:/Users/S177026/Documents/Alpaca studios/AR_Project/Content/3D-Models/Materials/TestPacks/Atlas_Props_01.uasset" 43
"C:/Users/S177026/Documents/Alpaca studios/AR_Project/Content/3D-Models/Materials/TestPacks/Atlas_Props_01_Normal.uasset" 44
"C:/Users/S177026/Documents/Alpaca studios/AR_Project/Content/3D-Models/Materials/TestPacks/Props_01.uasset" 45
"C:/Users/S177026/Documents/Alpaca studios/AR_Project/Content/3D-Models/Materials/TestPacks/Props_01_Inst.uasset" 46
"C:/Users/S177026/Documents/Alpaca studios/AR_Project/Content/3D-Models/Materials/TestPacks/Atlas_Props_02.uasset" 47
"C:/Users/S177026/Documents/Alpaca studios/AR_Project/Content/3D-Models/Materials/TestPacks/Atlas_Props_02_Normal.uasset" 48
"C:/Users/S177026/Documents/Alpaca studios/AR_Project/Content/3D-Models/Materials/TestPacks/Props_02_Inst.uasset" 49
"C:/Users/S177026/Documents/Alpaca studios/AR_Project/Content/3D-Models/Materials/TestPacks/Props_Glass_Inst_01.uasset" 50
"C:/Users/S177026/Documents/Alpaca studios/AR_Project/Content/3D-Models/Models/TestPack/RoomOne.uasset" 51
"C:/Users/S177026/Documents/Alpaca studios/AR_Project/Content/Blueprints/Rooms/TestPack/RoomOne.uasset" 52
"C:/Users/S177026/Documents/Alpaca studios/AR_Project/Content/3D-Models/Models/TestPack/RoomThree.uasset" 53
"C:/Users/S177026/Documents/Alpaca studios/AR_Project/Content/Blueprints/Rooms/TestPack/RoomThree.uasset" 54
"C:/Users/S177026/Documents/Alpaca studios/AR_Project/Content/3D-Models/Models/TestPack/SmallRoom_Storage.uasset" 55
"C:/Users/S177026/Documents/Alpaca studios/AR_Project/Content/Blueprints/Rooms/TestPack/SmallRoom_Storage.uasset" 56
"../../../Engine/Content/ArtTools/RenderToTexture/Enums/RenderToTexture_Enum.uasset" 57
"../../../Engine/Content/ArtTools/RenderToTexture/Enums/RenderToTexture_Flipbook_Enum.uasset" 58
"../../../Engine/Content/ArtTools/RenderToTexture/Enums/RenderToTexture_Imposter_Enum.uasset" 59
"../../../Engine/Content/EditorBlueprintResources/StandardMacros.uasset" 60
"../../../Engine/Content/ArtTools/RenderToTexture/Enums/EIntTypes.uasset" 61
"../../../Engine/Content/ArtTools/RenderToTexture/Macros/RenderToTextureFunctionLibrary.uasset" 62
"../../../Engine/Content/ArtTools/RenderToTexture/Enums/EFloatTypes.uasset" 63
"../../../Engine/Content/ArtTools/RenderToTexture/Macros/RenderToTextureMacros.uasset" 64
"../../../Engine/Content/Functions/Engine_MaterialFunctions01/Opacity/CameraDepthFade.uasset" 65
"../../../Engine/Content/EngineMaterials/T_Default_Material_Grid_M.uasset" 66
"../../../Engine/Content/EngineMaterials/T_Default_Material_Grid_N.uasset" 67
"../../../Engine/Content/EngineMaterials/WorldGridMaterial.uasset" 68
"../../../Engine/Content/ArtTools/RenderToTexture/Meshes/S_1_Unit_Plane.uasset" 69
"../../../Engine/Content/EngineMaterials/DefaultMaterial.uasset" 70
"../../../Engine/Content/BasicShapes/Cone.uasset" 71
"../../../Engine/Content/BasicShapes/Cube.uasset" 72
"../../../Engine/Content/BasicShapes/Cylinder.uasset" 73
"../../../Engine/Content/BasicShapes/Plane.uasset" 74
"../../../Engine/Content/BasicShapes/Sphere.uasset" 75
"../../../Engine/Content/EngineMaterials/DefaultPhysicalMaterial.uasset" 76
"../../../Engine/Content/BufferVisualization/AmbientOcclusion.uasset" 77
"../../../Engine/Content/BufferVisualization/BaseColor.uasset" 78
"../../../Engine/Content/BufferVisualization/CustomDepth.uasset" 79
"../../../Engine/Content/Functions/Engine_MaterialFunctions02/Utility/VectorLength.uasset" 80
"../../../Engine/Content/BufferVisualization/CustomDepthWorldUnits.uasset" 81
"../../../Engine/Content/Functions/Engine_MaterialFunctions02/Utility/BreakOutFloat2Components.uasset" 82
"../../../Engine/Content/Functions/Engine_MaterialFunctions01/Texturing/ScaleUVsByCenter.uasset" 83
"../../../Engine/Content/Functions/Engine_MaterialFunctions02/ScreenResolution.uasset" 84
"../../../Engine/Content/Functions/Engine_MaterialFunctions02/Texturing/ScreenAlignedUVs.uasset" 85
"../../../Engine/Content/Functions/Engine_MaterialFunctions02/Utility/MakeFloat2.uasset" 86
"../../../Engine/Content/Functions/Engine_MaterialFunctions02/Utility/MakeFloat3.uasset" 87
"../../../Engine/Content/EngineMaterials/MiniFont.uasset" 88
"../../../Engine/Content/BufferVisualization/CustomStencil.uasset" 89
"../../../Engine/Content/BufferVisualization/FinalImage.uasset" 90
"../../../Engine/Content/BufferVisualization/LightingModel.uasset" 91
"../../../Engine/Content/BufferVisualization/MaterialAO.uasset" 92
"../../../Engine/Content/BufferVisualization/Metallic.uasset" 93
"../../../Engine/Content/BufferVisualization/Opacity.uasset" 94
"../../../Engine/Content/BufferVisualization/PostTonemapHDRColor.uasset" 95
"../../../Engine/Content/BufferVisualization/PreTonemapHDRColor.uasset" 96
"../../../Engine/Content/BufferVisualization/Roughness.uasset" 97
"../../../Engine/Content/BufferVisualization/SceneColor.uasset" 98
"../../../Engine/Content/BufferVisualization/SceneDepth.uasset" 99
"../../../Engine/Content/BufferVisualization/SceneDepthWorldUnits.uasset" 100
"../../../Engine/Content/BufferVisualization/SeparateTranslucencyA.uasset" 101
"../../../Engine/Content/BufferVisualization/SeparateTranslucencyRGB.uasset" 102
"../../../Engine/Content/BufferVisualization/Specular.uasset" 103
"../../../Engine/Content/BufferVisualization/SubsurfaceColor.uasset" 104
"../../../Engine/Content/BufferVisualization/Velocity.uasset" 105
"../../../Engine/Content/BufferVisualization/WorldNormal.uasset" 106
"../../../Engine/Content/EditorBlueprintResources/ActorMacros.uasset" 107
"../../../Engine/Content/EditorLandscapeResources/DataLayer.uasset" 108
"../../../Engine/Content/EditorLandscapeResources/DefaultAlphaTexture.uasset" 109
"../../../Engine/Content/EditorLandscapeResources/LandscapeGizmoHeight_Mat.uasset" 110
"../../../Engine/Content/EditorLandscapeResources/LandscapeGizmo_Mat.uasset" 111
"../../../Engine/Content/EditorLandscapeResources/LandscapeGizmo_Mat_Copied.uasset" 112
"../../../Engine/Content/EditorLandscapeResources/SplineEditorMeshMat.uasset" 113
"../../../Engine/Content/EditorLandscapeResources/SplineEditorMesh.uasset" 114
"../../../Engine/Content/EditorMaterials/Cross.uasset" 115
"../../../Engine/Content/EditorMaterials/Cross_Mat.uasset" 116
"../../../Engine/Content/EngineMaterials/DefaultDiffuse.uasset" 117
"../../../Engine/Content/Functions/Engine_MaterialFunctions01/Texturing/TextureCropping.uasset" 118
"../../../Engine/Content/Functions/Engine_MaterialFunctions01/Texturing/ComputeMipLevel.uasset" 119
"../../../Engine/Content/Functions/Engine_MaterialFunctions02/ExampleContent/DebugNumberStrip.uasset" 120
"../../../Engine/Content/Functions/Engine_MaterialFunctions02/ExampleContent/Textures/DebugNumberPeriod.uasset" 121
"../../../Engine/Content/Functions/Engine_MaterialFunctions02/Utility/DebugScalarValues.uasset" 122
"../../../Engine/Content/Functions/Engine_MaterialFunctions02/Utility/DebugFloat2Values.uasset" 123
"../../../Engine/Content/Functions/Engine_MaterialFunctions02/ExampleContent/Textures/flipbook.uasset" 124
"../../../Engine/Content/Functions/Engine_MaterialFunctions02/Texturing/FlipBook.uasset" 125
"../../../Engine/Content/Functions/Engine_MaterialFunctions02/Utility/Sign.uasset" 126
"../../../Engine/Content/Functions/Engine_MaterialFunctions02/Utility/Round.uasset" 127
"../../../Engine/Content/EditorResources/T_EditorHelp.uasset" 128
"../../../Engine/Content/EditorMaterials/HelpActorMaterial.uasset" 129
"../../../Engine/Content/EditorMaterials/CompositeARGBLayer.uasset" 130
"../../../Engine/Content/EditorMaterials/TilingAALineIntegral.uasset" 131
"../../../Engine/Content/EditorMaterials/TilingAALineBoxFiltered.uasset" 132
"../../../Engine/Content/Functions/Engine_MaterialFunctions03/Procedurals/ComputeFilterWidth.uasset" 133
"../../../Engine/Content/EditorMaterials/TilingAADots.uasset" 134
"../../../Engine/Content/EngineMaterials/BlendFunc_DefBase.uasset" 135
"../../../Engine/Content/EngineMaterials/BlendFunc_DefBlend.uasset" 136
"../../../Engine/Content/Functions/Engine_MaterialFunctions03/Blends/Blend_Screen.uasset" 137
"../../../Engine/Content/EditorMaterials/TilingAAGrid.uasset" 138
"../../../Engine/Content/EditorMaterials/LevelGridMaterial.uasset" 139
"../../../Engine/Content/EditorMaterials/MakeCompositeARGBLayer.uasset" 140
"../../../Engine/Content/EditorResources/LevelGrid1DStripes.uasset" 141
"../../../Engine/Content/EditorMaterials/TextureGridCascaded1D.uasset" 142
"../../../Engine/Content/EditorMaterials/TextureGridCascaded2D.uasset" 143
"../../../Engine/Content/EditorMaterials/LevelGridMaterial2.uasset" 144
"../../../Engine/Content/EditorMaterials/MAT_Groups_Toggle.uasset" 145
"../../../Engine/Content/EditorMaterials/MAT_Groups_Visibility.uasset" 146
"../../../Engine/Content/EditorMaterials/AntialiasedGridFloor.uasset" 147
"../../../Engine/Content/EditorResources/TilePatine_D.uasset" 148
"../../../Engine/Content/EditorResources/TilePatine_N.uasset" 149
"../../../Engine/Content/EngineMaterials/Grid.uasset" 150
"../../../Engine/Content/EditorMaterials/PersonaFloorMat.uasset" 151
"../../../Engine/Content/EditorMaterials/PhAT_BoneSelectedMaterial.uasset" 152
"../../../Engine/Content/EditorMaterials/PhAT_ElemSelectedMaterial.uasset" 153
"../../../Engine/Content/EditorMaterials/PhAT_NoCollisionMaterial.uasset" 154
"../../../Engine/Content/EditorMaterials/PhAT_UnselectedMaterial.uasset" 155
"../../../Engine/Content/EditorMaterials/PreviewShadowIndicator.uasset" 156
"../../../Engine/Content/EditorMaterials/PreviewShadowIndicatorMaterial.uasset" 157
"../../../Engine/Content/EditorMaterials/TargetIcon.uasset" 158
"../../../Engine/Content/EditorMaterials/Tick.uasset" 159
"../../../Engine/Content/EditorMaterials/Tick_Mat.uasset" 160
"../../../Engine/Content/EditorMaterials/WidgetGridVertexColorMaterial.uasset" 161
"../../../Engine/Content/EditorMaterials/WidgetGridVertexColorMaterial_Ma.uasset" 162
"../../../Engine/Content/EditorMaterials/WidgetMaterial.uasset" 163
"../../../Engine/Content/EditorMaterials/WidgetMaterial_Current.uasset" 164
"../../../Engine/Content/EditorMaterials/WidgetMaterial_X.uasset" 165
"../../../Engine/Content/EditorMaterials/WidgetMaterial_Y.uasset" 166
"../../../Engine/Content/EditorMaterials/WidgetMaterial_Z.uasset" 167
"../../../Engine/Content/EditorMaterials/WidgetVertexColorMaterial.uasset" 168
"../../../Engine/Content/EditorMaterials/AssetViewer/EpicQuadPanorama_CC+EV1.uasset" 169
"../../../Engine/Content/MapTemplates/Sky/SunsetAmbientCubemap.uasset" 170
"../../../Engine/Content/EditorMaterials/AssetViewer/M_SkyBox.uasset" 171
"../../../Engine/Content/EditorMaterials/MatineeGroups/MAT_ColorTrack.uasset" 172
"../../../Engine/Content/EditorMaterials/MatineeGroups/MAT_Groups_Anim.uasset" 173
"../../../Engine/Content/EditorMaterials/MatineeGroups/MAT_Groups_AudioMaster.uasset" 174
"../../../Engine/Content/EditorMaterials/MatineeGroups/MAT_Groups_Director.uasset" 175
"../../../Engine/Content/EditorMaterials/MatineeGroups/MAT_Groups_Event.uasset" 176
"../../../Engine/Content/EditorMaterials/MatineeGroups/MAT_Groups_Fade.uasset" 177
"../../../Engine/Content/EditorMaterials/MatineeGroups/MAT_Groups_Float.uasset" 178
"../../../Engine/Content/EditorMaterials/MatineeGroups/MAT_Groups_Move.uasset" 179
"../../../Engine/Content/EditorMaterials/MatineeGroups/MAT_Groups_Slomo.uasset" 180
"../../../Engine/Content/EditorMaterials/MatineeGroups/MAT_Groups_Sound.uasset" 181
"../../../Engine/Content/EditorMaterials/MatineeGroups/MAT_Groups_Vector.uasset" 182
"../../../Engine/Content/EditorMaterials/ParticleSystems/PSysThumbnail_NoImage.uasset" 183
"../../../Engine/Content/EditorMaterials/ParticleSystems/PSysThumbnail_OOD.uasset" 184
"../../../Engine/Content/EditorMaterials/Thumbnails/FloorPlaneMaterial.uasset" 185
"../../../Engine/Content/EditorMeshes/EditorCube.uasset" 186
"../../../Engine/Content/EditorMeshes/EditorCylinder.uasset" 187
"../../../Engine/Content/EditorMeshes/EditorPlane.uasset" 188
"../../../Engine/Content/EditorMaterials/Thumbnails/SkySphereMaterial.uasset" 189
"../../../Engine/Content/EditorMeshes/EditorSkySphere.uasset" 190
"../../../Engine/Content/EditorMeshes/EditorSphere.uasset" 191
"../../../Engine/Content/EditorResources/MatineeCam_D.uasset" 192
"../../../Engine/Content/EditorMaterials/MatineeCam_mat.uasset" 193
"../../../Engine/Content/EditorMeshes/MatineeCam_SM.uasset" 194
"../../../Engine/Content/Functions/Engine_MaterialFunctions01/Shading/ConvertFromDiffSpec.uasset" 195
"../../../Engine/Content/EditorMaterials/GridMaterial.uasset" 196
"../../../Engine/Content/EditorMeshes/PhAT_FloorBox.uasset" 197
"../../../Engine/Content/EditorMeshes/PlanarReflectionPlane.uasset" 198
"../../../Engine/Content/EditorMeshes/AssetViewer/Floor_Mesh.uasset" 199
"../../../Engine/Content/EditorMeshes/AssetViewer/Sphere_inversenormals.uasset" 200
"../../../Engine/Content/EditorMaterials/Camera/CineMat.uasset" 201
"../../../Engine/Content/EditorMaterials/Camera/MI_CineMat_CameraBody.uasset" 202
"../../../Engine/Content/EngineDebugMaterials/M_SimpleOpaque.uasset" 203
"../../../Engine/Content/EditorMaterials/Camera/MI_CineMat_CamViewFinder.uasset" 204
"../../../Engine/Content/EditorMeshes/Camera/SM_CineCam.uasset" 205
"../../../Engine/Content/EditorMaterials/Camera/MI_CineMat_Rig.uasset" 206
"../../../Engine/Content/EditorMeshes/Camera/SM_CraneRig_Arm.uasset" 207
"../../../Engine/Content/EditorMeshes/Camera/SM_CraneRig_Base.uasset" 208
"../../../Engine/Content/EditorMeshes/Camera/SM_CraneRig_Body.uasset" 209
"../../../Engine/Content/EditorMeshes/Camera/SM_CraneRig_Mount.uasset" 210
"../../../Engine/Content/EditorMeshes/Camera/SM_RailRig_Mount.uasset" 211
"../../../Engine/Content/EditorMeshes/Camera/SM_RailRig_Track.uasset" 212
"../../../Engine/Content/EditorMeshes/ColorCalibrator/M_ChromeBall.uasset" 213
"../../../Engine/Content/EditorResources/Bad.uasset" 214
"../../../Engine/Content/EditorResources/BSPVertex.uasset" 215
"../../../Engine/Content/EditorResources/EmptyActor.uasset" 216
"../../../Engine/Content/EditorResources/MatInstActSprite.uasset" 217
"../../../Engine/Content/EditorResources/SceneManager.uasset" 218
"../../../Engine/Content/EditorResources/SimplygonLogo.uasset" 219
"../../../Engine/Content/EditorResources/SmallFont.uasset" 220
"../../../Engine/Content/EditorResources/S_Actor.uasset" 221
"../../../Engine/Content/EditorResources/S_DecalActorIcon.uasset" 222
"../../../Engine/Content/EditorResources/S_Emitter.uasset" 223
"../../../Engine/Content/EditorResources/S_ExpoHeightFog.uasset" 224
"../../../Engine/Content/EditorResources/S_FTest.uasset" 225
"../../../Engine/Content/EditorResources/S_KBSJoint.uasset" 226
"../../../Engine/Content/EditorResources/S_KHinge.uasset" 227
"../../../Engine/Content/EditorResources/S_KPrismatic.uasset" 228
"../../../Engine/Content/EditorResources/S_LevelSequence.uasset" 229
"../../../Engine/Content/EditorResources/S_NavP.uasset" 230
"../../../Engine/Content/EditorResources/S_Note.uasset" 231
"../../../Engine/Content/EditorResources/S_Player.uasset" 232
"../../../Engine/Content/EditorResources/S_PortalActorIcon2.uasset" 233
"../../../Engine/Content/EditorResources/S_RadForce.uasset" 234
"../../../Engine/Content/EditorResources/S_ReflActorIcon.uasset" 235
"../../../Engine/Content/EditorResources/S_SkyAtmosphere.uasset" 236
"../../../Engine/Content/EditorResources/S_Solver.uasset" 237
"../../../Engine/Content/EditorResources/S_Terrain.uasset" 238
"../../../Engine/Content/EditorResources/S_TextRenderActorIcon.uasset" 239
"../../../Engine/Content/EditorResources/S_Thruster.uasset" 240
"../../../Engine/Content/EditorResources/S_Trigger.uasset" 241
"../../../Engine/Content/EditorResources/S_VectorFieldVol.uasset" 242
"../../../Engine/Content/EditorResources/S_WindDirectional.uasset" 243
"../../../Engine/Content/EditorResources/AI/S_NavLink.uasset" 244
"../../../Engine/Content/EditorResources/LightIcons/SkyLight.uasset" 245
"../../../Engine/Content/EditorResources/LightIcons/S_LightDirectional.uasset" 246
"../../../Engine/Content/EditorResources/LightIcons/S_LightDirectionalMove.uasset" 247
"../../../Engine/Content/EditorResources/LightIcons/S_LightError.uasset" 248
"../../../Engine/Content/EditorResources/LightIcons/S_LightPoint.uasset" 249
"../../../Engine/Content/EditorResources/LightIcons/S_LightPointMove.uasset" 250
"../../../Engine/Content/EditorResources/LightIcons/S_LightSpot.uasset" 251
"../../../Engine/Content/EditorResources/LightIcons/S_LightSpotMove.uasset" 252
"../../../Engine/Content/EditorResources/SequenceRecorder/Countdown.uasset" 253
"../../../Engine/Content/EditorResources/SequenceRecorder/RecordingIndicator.uasset" 254
"../../../Engine/Content/EditorResources/Spline/T_Loft_Spline.uasset" 255
"../../../Engine/Content/EditorSounds/Notifications/CompileFailed.uasset" 256
"../../../Engine/Content/EditorSounds/Notifications/CompileFailed_Cue.uasset" 257
"../../../Engine/Content/EditorSounds/Notifications/CompileSuccess.uasset" 258
"../../../Engine/Content/EditorSounds/Notifications/CompileStart_Cue.uasset" 259
"../../../Engine/Content/EditorSounds/Notifications/CompileSuccess_Cue.uasset" 260
"../../../Engine/Content/EngineDamageTypes/DmgTypeBP_Environmental.uasset" 261
"../../../Engine/Content/EngineDebugMaterials/HeatmapGradient.uasset" 262
"../../../Engine/Content/EngineDebugMaterials/BoneWeightMaterial.uasset" 263
"../../../Engine/Content/EngineDebugMaterials/ClothMaterial.uasset" 264
"../../../Engine/Content/EngineDebugMaterials/ClothMaterial_WF.uasset" 265
"../../../Engine/Content/EngineDebugMaterials/DebugEditorMaterial.uasset" 266
"../../../Engine/Content/EngineDebugMaterials/DebugMeshMaterial.uasset" 267
"../../../Engine/Content/EngineDebugMaterials/GeomMaterial.uasset" 268
"../../../Engine/Content/EngineDebugMaterials/LevelColorationLitMaterial.uasset" 269
"../../../Engine/Content/EngineDebugMaterials/LevelColorationUnlitMaterial.uasset" 270
"../../../Engine/Content/EngineMaterials/DefaultWhiteGrid.uasset" 271
"../../../Engine/Content/EngineDebugMaterials/MAT_LevelColorationLitLightmapUV.uasset" 272
"../../../Engine/Content/EngineDebugMaterials/M_SimpleTranslucent.uasset" 273
"../../../Engine/Content/Functions/Engine_MaterialFunctions02/Utility/CameraDirectionVector.uasset" 274
"../../../Engine/Content/EngineDebugMaterials/VolumeToRender.uasset" 275
"../../../Engine/Content/EngineDebugMaterials/M_VolumeRenderSphereTracePP.uasset" 276
"../../../Engine/Content/EngineDebugMaterials/ShadedLevelColorationLitMaterial.uasset" 277
"../../../Engine/Content/EngineDebugMaterials/ShadedLevelColorationUnlitMateri.uasset" 278
"../../../Engine/Content/EngineDebugMaterials/VertexColorMaterial.uasset" 279
"../../../Engine/Content/EngineDebugMaterials/VertexColorViewMode_AlphaAsColor.uasset" 280
"../../../Engine/Content/EngineDebugMaterials/VertexColorViewMode_BlueOnly.uasset" 281
"../../../Engine/Content/EngineDebugMaterials/VertexColorViewMode_ColorOnly.uasset" 282
"../../../Engine/Content/EngineDebugMaterials/VertexColorViewMode_GreenOnly.uasset" 283
"../../../Engine/Content/EngineDebugMaterials/VertexColorViewMode_RedOnly.uasset" 284
"../../../Engine/Content/EngineDebugMaterials/WireframeMaterial.uasset" 285
"../../../Engine/Content/EngineFonts/Faces/DroidSansFallback.uasset" 286
"../../../Engine/Content/EngineFonts/Faces/RobotoBold.uasset" 287
"../../../Engine/Content/EngineFonts/Faces/RobotoBoldItalic.uasset" 288
"../../../Engine/Content/EngineFonts/Faces/RobotoItalic.uasset" 289
"../../../Engine/Content/EngineFonts/Faces/RobotoLight.uasset" 290
"../../../Engine/Content/EngineFonts/Faces/RobotoRegular.uasset" 291
"../../../Engine/Content/EngineFonts/Roboto.uasset" 292
"../../../Engine/Content/EngineFonts/Faces/RobotoTiny.uasset" 293
"../../../Engine/Content/EngineFonts/RobotoTiny.uasset" 294
"../../../Engine/Content/EngineFonts/SmallFont.uasset" 295
"../../../Engine/Content/EngineFonts/TinyFont.uasset" 296
"../../../Engine/Content/EngineMaterials/BaseFlattenDiffuseMap.uasset" 297
"../../../Engine/Content/EngineMaterials/BaseFlattenEmissiveMap.uasset" 298
"../../../Engine/Content/EngineMaterials/BaseFlattenGrayscaleMap.uasset" 299
"../../../Engine/Content/EngineMaterials/BaseFlattenNormalMap.uasset" 300
"../../../Engine/Content/EngineMaterials/BaseFlattenMaterial.uasset" 301
"../../../Engine/Content/EngineResources/WhiteSquareTexture.uasset" 302
"../../../Engine/Content/EngineMaterials/BlinkingCaret.uasset" 303
"../../../Engine/Content/EngineMaterials/BlueNoise.uasset" 304
"../../../Engine/Content/EngineMaterials/DefaultBloomKernel.uasset" 305
"../../../Engine/Content/EngineMaterials/DefaultBokeh.uasset" 306
"../../../Engine/Content/EngineMaterials/DefaultDeferredDecalMaterial.uasset" 307
"../../../Engine/Content/EngineMaterials/DefaultLightFunctionMaterial.uasset" 308
"../../../Engine/Content/EngineMaterials/DefaultNormal.uasset" 309
"../../../Engine/Content/EngineMaterials/DefaultPostProcessMaterial.uasset" 310
"../../../Engine/Content/EngineFonts/RobotoDistanceField.uasset" 311
"../../../Engine/Content/EngineMaterials/DefaultTextMaterialOpaque.uasset" 312
"../../../Engine/Content/EngineMaterials/DefaultVirtualTextureMaterial.uasset" 313
"../../../Engine/Content/EngineMaterials/EditorBrushMaterial.uasset" 314
"../../../Engine/Content/EngineMaterials/DefaultWhiteGrid_Low.uasset" 315
"../../../Engine/Content/EngineMaterials/EmissiveMeshMaterial.uasset" 316
"../../../Engine/Content/EngineMaterials/GizmoMaterial.uasset" 317
"../../../Engine/Content/EngineMaterials/Good64x64TilingNoiseHighFreq.uasset" 318
"../../../Engine/Content/EngineMaterials/Grid_N.uasset" 319
"../../../Engine/Content/EngineMaterials/HairColorMap.uasset" 320
"../../../Engine/Content/EngineMaterials/HairDebugColor.uasset" 321
"../../../Engine/Content/EngineMaterials/HairDebugMaterial.uasset" 322
"../../../Engine/Content/EngineMaterials/HairDefaultMaterial.uasset" 323
"../../../Engine/Content/EngineMaterials/HighResolutionScreenshotMaskFunction.uasset" 324
"../../../Engine/Content/EngineMaterials/HighResScreenshot.uasset" 325
"../../../Engine/Content/EngineMaterials/HighResScreenshotCaptureRegion.uasset" 326
"../../../Engine/Content/EngineMaterials/HighResScreenshotMask.uasset" 327
"../../../Engine/Content/EngineMaterials/LandscapeHolePhysicalMaterial.uasset" 328
"../../../Engine/Content/EngineMaterials/InvalidLightmapSettings.uasset" 329
"../../../Engine/Content/EngineMaterials/M_InvalidLightmapSettings.uasset" 330
"../../../Engine/Content/EngineMaterials/PaperDiffuse.uasset" 331
"../../../Engine/Content/EngineMaterials/PaperNormal.uasset" 332
"../../../Engine/Content/Functions/Engine_MaterialFunctions02/WorldPositionOffset/CameraOffset.uasset" 333
"../../../Engine/Content/EngineMaterials/PhAT_JointLimitMaterial.uasset" 334
"../../../Engine/Content/EngineMaterials/PhysMat_Rubber.uasset" 335
"../../../Engine/Content/EngineMaterials/PreintegratedSkinBRDF.uasset" 336
"../../../Engine/Content/EngineMaterials/RemoveSurfaceMaterial.uasset" 337
"../../../Engine/Content/EngineMaterials/WeightMapPlaceholderTexture.uasset" 338
"../../../Engine/Content/Functions/Engine_MaterialFunctions01/ImageAdjustment/sRGBToLinear.uasset" 339
"../../../Engine/Content/Functions/Engine_MaterialFunctions02/Utility/BreakOutFloat3Components.uasset" 340
"../../../Engine/Content/EngineMaterials/Widget3DCameraPassThrough_Opaque_OneSided.uasset" 341
"../../../Engine/Content/EngineMaterials/Widget3DPassThrough.uasset" 342
"../../../Engine/Content/EngineMaterials/Widget3DPassThrough_Masked.uasset" 343
"../../../Engine/Content/EngineMaterials/Widget3DPassThrough_Opaque.uasset" 344
"../../../Engine/Content/EngineMaterials/Widget3DPassThrough_Masked_OneSided.uasset" 345
"../../../Engine/Content/EngineMaterials/Widget3DPassThrough_Opaque_OneSided.uasset" 346
"../../../Engine/Content/EngineMaterials/Widget3DPassThrough_Translucent.uasset" 347
"../../../Engine/Content/EngineMaterials/Widget3DPassThrough_Translucent_OneSided.uasset" 348
"../../../Engine/Content/EngineMeshes/Cube.uasset" 349
"../../../Engine/Content/EngineMeshes/Cylinder.uasset" 350
"../../../Engine/Content/EngineMeshes/Sphere.uasset" 351
"../../../Engine/Content/EngineResources/Black.uasset" 352
"../../../Engine/Content/EngineResources/DefaultTexture.uasset" 353
"../../../Engine/Content/EngineResources/DefaultTextureCube.uasset" 354
"../../../Engine/Content/EngineResources/DefaultVolumeTexture2D.uasset" 355
"../../../Engine/Content/EngineResources/DefaultVolumeTexture.uasset" 356
"../../../Engine/Content/EngineResources/GradientTexture0.uasset" 357
"../../../Engine/Content/EngineResources/StreamingPauseIcon.uasset" 358
"../../../Engine/Content/EngineResources/M_StreamingPause.uasset" 359
"../../../Engine/Content/EngineSounds/Master.uasset" 360
"../../../Engine/Content/Functions/Engine_MaterialFunctions01/Shading/PowerToRoughness.uasset" 361
"../../../Engine/Content/Maps/Templates/Thumbnails/Default.uasset" 362
"../../../Engine/Content/Maps/Templates/Thumbnails/TimeOfDay.uasset" 363
"../../../Engine/Content/Maps/Templates/Thumbnails/VR-Basic.uasset" 364
"../../../Engine/Content/MapTemplates/Sky/DaylightAmbientCubemap.uasset" 365
"../../../Engine/Content/MobileResources/T_MobileControls_texture.uasset" 366
"../../../Engine/Content/MobileResources/T_MobileMenu2.uasset" 367
"../../../Engine/Content/MobileResources/HUD/AnalogHat.uasset" 368
"../../../Engine/Content/MobileResources/HUD/VirtualJoystick_Background.uasset" 369
"../../../Engine/Content/MobileResources/HUD/VirtualJoystick_Thumb.uasset" 370
"../../../Engine/Content/MobileResources/HUD/DefaultVirtualJoysticks.uasset" 371
"../../../Engine/Content/MobileResources/HUD/LeftVirtualJoystickOnly.uasset" 372
"../../../Engine/Content/MobileResources/HUD/MobileHUDButton1_off.uasset" 373
"../../../Engine/Content/MobileResources/HUD/MobileHUDButton1_on.uasset" 374
"../../../Engine/Content/MobileResources/HUD/MobileHUDButton2_off.uasset" 375
"../../../Engine/Content/MobileResources/HUD/MobileHUDButton2_on.uasset" 376
"../../../Engine/Content/MobileResources/HUD/MobileHUDButton3.uasset" 377
"../../../Engine/Content/MobileResources/HUD/MobileHUDButtonFire.uasset" 378
"../../../Engine/Content/MobileResources/HUD/MobileHUDDirectionPad.uasset" 379
"../../../Engine/Content/MobileResources/HUD/MobileHUDDirectionPad2.uasset" 380
"../../../Engine/Content/MobileResources/HUD/MobileHUDDirectionPad3.uasset" 381
"../../../Engine/Content/MobileResources/HUD/MobileHUDDirectionStick.uasset" 382
"../../../Engine/Content/MobileResources/HUD/T_Castle_ThumbstickInner.uasset" 383
"../../../Engine/Content/MobileResources/HUD/T_Castle_ThumbstickOutter.uasset" 384
"../../../Engine/Content/Tutorial/ContentIntroCurve.uasset" 385
"../../../Engine/Content/Tutorial/Basics/LevelEditorAttract.uasset" 386
"../../../Engine/Content/Tutorial/Basics/TutorialAssets/icon_tab_Levels_40x.uasset" 387
"../../../Engine/Content/Tutorial/Basics/LevelEditorOverview.uasset" 388
"../../../Engine/Content/Tutorial/BlueprintTutorials/TutorialAssets/Blueprint_64x.uasset" 389
"../../../Engine/Content/Tutorial/BlueprintTutorials/BlueprintEditorTutorial.uasset" 390
"../../../Engine/Content/Tutorial/BlueprintTutorials/TutorialAssets/Tutorial_BP_MacroLib.uasset" 391
"../../../Engine/Content/Tutorial/Mobile/TutorialAssets/android_Icon.uasset" 392
"../../../Engine/Content/Tutorial/Mobile/SettingUpAndroidTutorial.uasset" 393
"../../../Engine/Content/Tutorial/SubEditors/StaticMeshEditorTutorial.uasset" 394
"../../../Engine/Content/VREditor/LaserPointer/VR_LaserPower_01.uasset" 395
"../../../Engine/Content/VREditor/TransformGizmo/TransformGizmoMaterial.uasset" 396
"../../../Engine/Content/VREditor/TransformGizmo/TranslucentTransformGizmoMaterial.uasset" 397
"../../../Engine/Content/VREditor/TransformGizmo/BoundingBoxCorner.uasset" 398
"../../../Engine/Content/VREditor/TransformGizmo/BoundingBoxEdge.uasset" 399
"../../../Engine/Content/VREditor/TransformGizmo/PlaneTranslationHandle.uasset" 400
"../../../Engine/Content/VREditor/TransformGizmo/Main.uasset" 401
"../../../Engine/Content/VREditor/TransformGizmo/Xray.uasset" 402
"../../../Engine/Content/VREditor/TransformGizmo/SM_Sequencer_Key.uasset" 403
"../../../Engine/Content/VREditor/TransformGizmo/SM_Sequencer_Node.uasset" 404
"C:/Users/S177026/Documents/Alpaca studios/AR_Project/Content/Blueprints/ARGameInstance.uasset" 405
"C:/Users/S177026/Documents/Alpaca studios/AR_Project/Content/3D-Models/Models/TestPack/SmallRoom_SummoningRoom.uasset" 406
"C:/Users/S177026/Documents/Alpaca studios/AR_Project/Content/Blueprints/Rooms/TestPack/SmallRoom_SummoningRoom.uasset" 407
"C:/Users/S177026/Documents/Alpaca studios/AR_Project/Content/AR_Images/AR10.uasset" 408
"C:/Users/S177026/Documents/Alpaca studios/AR_Project/Content/Datatables_TMaps/ARCoreImageDatabase.uasset" 409
"C:/Users/S177026/Documents/Alpaca studios/AR_Project/Content/Datatables_TMaps/ARCoreConfig.uasset" 410
"C:/Users/S177026/Documents/Alpaca studios/AR_Project/Content/Datatables_TMaps/PackStruct.uasset" 411
"C:/Users/S177026/Documents/Alpaca studios/AR_Project/Content/Datatables_TMaps/AssociatedPackStruct.uasset" 412
"C:/Users/S177026/Documents/Alpaca studios/AR_Project/Content/Blueprints/PlayerPawn.uasset" 413
"C:/Users/S177026/Documents/Alpaca studios/AR_Project/Content/Blueprints/ARGameMode.uasset" 414
"../../../Engine/Content/Animation/DefaultAnimCurveCompressionSettings.uasset" 415
"C:/Users/S177026/Documents/Alpaca studios/AR_Project/Content/MultistoryDungeonsTextures/Meshes/Base_01.uasset" 416
"C:/Users/S177026/Documents/Alpaca studios/AR_Project/Content/Widgets/MainMenu.uasset" 417
"../../Plugins/2D/Paper2D/Content/PlaceholderTextures/DummySpriteTexture.uasset" 418
"../../Plugins/2D/Paper2D/Content/DummySprite.uasset" 419
"../../Plugins/2D/Paper2D/Content/DefaultPaperTerrainMaterial.uasset" 420
"../../Plugins/2D/Paper2D/Content/DefaultSpriteMaterial.uasset" 421
"../../Plugins/2D/Paper2D/Content/MaskedUnlitSpriteMaterial.uasset" 422
"../../Plugins/2D/Paper2D/Content/OpaqueUnlitSpriteMaterial.uasset" 423
"../../Plugins/Enterprise/DatasmithContent/Content/Blueprints/FBXImporter/FBXImporterUtils.uasset" 424
"../../Plugins/Runtime/AR/Google/GoogleARCore/Content/CameraTextureUVParams.uasset" 425
"../../Plugins/Runtime/AR/Google/GoogleARCore/Content/ARCoreUtils.uasset" 426
"../../../Engine/Content/ArtTools/RenderToTexture/Textures/127grey.uasset" 427
"../../Plugins/Runtime/AR/Google/GoogleARCore/Content/GoogleARCorePassthroughCameraMaterial.uasset" 428
"../../../Engine/Content/Functions/Engine_MaterialFunctions02/Utility/BreakOutFloat4Components.uasset" 429
"../../Plugins/Runtime/Oculus/OculusVR/Content/Materials/OculusMR_ChromaKey.uasset" 430
"../../Plugins/Runtime/Oculus/OculusVR/Content/Materials/OculusMR_ChromaKey_Lit.uasset" 431
"../../Plugins/Runtime/Oculus/OculusVR/Content/Materials/OculusMR_OpaqueColoredMaterial.uasset" 432
"../../Plugins/Runtime/Oculus/OculusVR/Content/Materials/OculusMR_WhiteMaterial.uasset" 433
"../../../Engine/Content/Maps/Entry_BuiltData.uasset" 434
"../../../Engine/Content/Maps/Entry.umap" 435
"C:/Users/S177026/Documents/Alpaca studios/AR_Project/Content/MainLevel_BuiltData.uasset" 436
"C:/Users/S177026/Documents/Alpaca studios/AR_Project/Content/Widgets/UI.uasset" 437
"C:/Users/S177026/Documents/Alpaca studios/AR_Project/Content/MainLevel.umap" 438
